\BOOKMARK [0][-]{section*.5}{\376\377\000S\000p\000i\000s\000\040\000t\000r\000e\001\133\000c\000i}{}
\BOOKMARK [0][-]{chapter.1}{\376\377\0001\000\040\000W\000s\000t\001\031\000p}{}
\BOOKMARK [1][-]{section.1.1}{\376\377\0001\000.\0001\000\040\000C\000e\000l\000\040\000p\000r\000a\000c\000y}{chapter.1}
\BOOKMARK [1][-]{section.1.2}{\376\377\0001\000.\0002\000\040\000Z\000a\000k\000r\000e\000s\000\040\000p\000r\000a\000c\000y}{chapter.1}
\BOOKMARK [0][-]{chapter.2}{\376\377\0002\000\040\000I\000T\000I\000L}{}
\BOOKMARK [1][-]{section.2.1}{\376\377\0002\000.\0001\000\040\000O\000s\000z\000c\000z\001\031\000d\000n\000o\001\133\000c\000i\000\040\000w\000\040\000I\000T}{chapter.2}
\BOOKMARK [2][-]{subsection.2.1.1}{\376\377\0002\000.\0001\000.\0001\000\040\000P\000o\000d\000z\000i\000a\001\102\000\040\000k\000o\000s\000z\000t\000\363\000w}{section.2.1}
\BOOKMARK [2][-]{subsection.2.1.2}{\376\377\0002\000.\0001\000.\0002\000\040\000I\000T\000S\000M\000\040\000a\000\040\000o\000s\000z\000c\000z\001\031\000d\000n\000o\001\133\000c\000i}{section.2.1}
\BOOKMARK [1][-]{section.2.2}{\376\377\0002\000.\0002\000\040\000M\000o\000d\000e\000l\000e\000\040\000I\000T\000S\000M\000\040\000i\000\040\000i\000c\000h\000\040\000z\000a\000s\000t\000o\000s\000o\000w\000a\000n\000i\000a}{chapter.2}
\BOOKMARK [1][-]{section.2.3}{\376\377\0002\000.\0003\000\040\000K\000o\000r\000z\000e\000n\000i\000e\000\040\000I\000T\000I\000L\000\040\000i\000t\000l\000i\000f\000e}{chapter.2}
\BOOKMARK [1][-]{section.2.4}{\376\377\0002\000.\0004\000\040\000H\000e\000l\000p\000\040\000D\000e\000s\000k\000\040\000a\000\040\000S\000e\000r\000v\000i\000c\000e\000\040\000D\000e\000s\000k\000\040\000i\000t\000i\000l\000s\000o}{chapter.2}
\BOOKMARK [1][-]{section.2.5}{\376\377\0002\000.\0005\000\040\000I\000T\000I\000L\000\040\0002\000\040\000-\000\040\000p\000r\000o\000c\000e\000s\000y}{chapter.2}
\BOOKMARK [2][-]{subsection.2.5.1}{\376\377\0002\000.\0005\000.\0001\000\040\000S\000e\000r\000v\000i\000c\000e\000\040\000S\000u\000p\000p\000o\000r\000t}{section.2.5}
\BOOKMARK [2][-]{subsection.2.5.2}{\376\377\0002\000.\0005\000.\0002\000\040\000S\000e\000r\000v\000i\000c\000e\000\040\000D\000e\000l\000i\000v\000e\000r\000y}{section.2.5}
\BOOKMARK [1][-]{section.2.6}{\376\377\0002\000.\0006\000\040\000I\000T\000I\000L\000\040\0003\000\040\000-\000\040\000o\000b\000s\000z\000a\000r\000y}{chapter.2}
\BOOKMARK [2][-]{subsection.2.6.1}{\376\377\0002\000.\0006\000.\0001\000\040\000S\000t\000r\000a\000t\000e\000g\000i\000a\000\040\000u\000s\001\102\000u\000g\000\040\040\023\000\040\000S\000e\000r\000v\000i\000c\000e\000\040\000S\000t\000r\000a\000t\000e\000g\000y\000\040\000i\000t\000i\000l\000s\000s}{section.2.6}
\BOOKMARK [2][-]{subsection.2.6.2}{\376\377\0002\000.\0006\000.\0002\000\040\000P\000r\000o\000j\000e\000k\000t\000o\000w\000a\000n\000i\000e\000\040\000u\000s\001\102\000u\000g\000\040\040\023\000\040\000S\000e\000r\000v\000i\000c\000e\000\040\000D\000e\000s\000i\000g\000n\000\040\000i\000t\000i\000l\000s\000d}{section.2.6}
\BOOKMARK [2][-]{subsection.2.6.3}{\376\377\0002\000.\0006\000.\0003\000\040\000P\000r\000z\000e\000k\000a\000z\000a\000n\000i\000e\000\040\000u\000s\001\102\000u\000g\000\040\040\023\000\040\000S\000e\000r\000v\000i\000c\000e\000\040\000T\000r\000a\000n\000s\000i\000t\000i\000o\000n\000\040\000i\000t\000i\000l\000s\000t}{section.2.6}
\BOOKMARK [2][-]{subsection.2.6.4}{\376\377\0002\000.\0006\000.\0004\000\040\000E\000k\000s\000p\000l\000o\000a\000t\000a\000c\000j\000a\000\040\000u\000s\001\102\000u\000g\000\040\040\023\000\040\000S\000e\000r\000v\000i\000c\000e\000\040\000O\000p\000e\000r\000a\000t\000i\000o\000n\000\040\000i\000t\000i\000l\000s\000o}{section.2.6}
\BOOKMARK [2][-]{subsection.2.6.5}{\376\377\0002\000.\0006\000.\0005\000\040\000U\000s\000t\000a\000w\000i\000c\000z\000n\000e\000\040\000d\000o\000s\000k\000o\000n\000a\000l\000e\000n\000i\000e\000\040\000u\000s\001\102\000u\000g\000\040\040\023\000\040\000C\000o\000n\000t\000i\000n\000u\000a\000l\000\040\000S\000e\000r\000v\000i\000c\000e\000\040\000I\000m\000p\000r\000o\000v\000e\000m\000e\000n\000t\000\040\000i\000t\000i\000l\000c\000i}{section.2.6}
\BOOKMARK [1][-]{section.2.7}{\376\377\0002\000.\0007\000\040\000S\000z\000c\000z\000e\000g\000\363\001\102\000o\000w\000e\000\040\000o\000m\000\363\000w\000i\000e\000n\000i\000e\000\040\000w\000y\000b\000r\000a\000n\000y\000c\000h\000\040\000p\000r\000o\000c\000e\000s\000\363\000w}{chapter.2}
\BOOKMARK [2][-]{subsection.2.7.1}{\376\377\0002\000.\0007\000.\0001\000\040\000Z\000a\000r\000z\001\005\000d\000z\000a\000n\000i\000e\000\040\000i\000n\000c\000y\000d\000e\000n\000t\000a\000m\000i\000\040\000i\000t\000i\000l\000s\000o}{section.2.7}
\BOOKMARK [2][-]{subsection.2.7.2}{\376\377\0002\000.\0007\000.\0002\000\040\000Z\000a\000r\000z\001\005\000d\000z\000a\000n\000i\000e\000\040\000p\000r\000o\000b\000l\000e\000m\000a\000m\000i\000\040\000i\000t\000i\000l\000s\000o}{section.2.7}
\BOOKMARK [2][-]{subsection.2.7.3}{\376\377\0002\000.\0007\000.\0003\000\040\000Z\000a\000r\000z\001\005\000d\000z\000a\000n\000i\000e\000\040\000z\000d\000a\000r\000z\000e\000n\000i\000a\000m\000i\000\040\000i\000t\000i\000l\000s\000o}{section.2.7}
\BOOKMARK [2][-]{subsection.2.7.4}{\376\377\0002\000.\0007\000.\0004\000\040\000Z\000a\000r\000z\001\005\000d\000z\000a\000n\000i\000e\000\040\000z\000l\000e\000c\000e\000n\000i\000a\000m\000i\000\040\000i\000t\000i\000l\000s\000o}{section.2.7}
\BOOKMARK [0][-]{chapter.3}{\376\377\0003\000\040\000F\000i\000r\000m\000a}{}
\BOOKMARK [1][-]{section.3.1}{\376\377\0003\000.\0001\000\040\000O\000p\000i\000s\000\040\000o\000g\000\363\000l\000n\000y}{chapter.3}
\BOOKMARK [1][-]{section.3.2}{\376\377\0003\000.\0002\000\040\000M\000i\000s\000j\000a}{chapter.3}
\BOOKMARK [1][-]{section.3.3}{\376\377\0003\000.\0003\000\040\000C\000e\000l\000e}{chapter.3}
\BOOKMARK [1][-]{section.3.4}{\376\377\0003\000.\0004\000\040\000P\000r\000o\000f\000i\000l\000\040\000f\000i\000r\000m\000y}{chapter.3}
\BOOKMARK [1][-]{section.3.5}{\376\377\0003\000.\0005\000\040\000U\000s\001\102\000u\000g\000i}{chapter.3}
\BOOKMARK [1][-]{section.3.6}{\376\377\0003\000.\0006\000\040\000O\000r\000g\000a\000n\000i\000z\000a\000c\000j\000a\000\040\000f\000i\000r\000m\000y}{chapter.3}
\BOOKMARK [1][-]{section.3.7}{\376\377\0003\000.\0007\000\040\000K\000o\000o\000p\000e\000r\000a\000n\000c\000i}{chapter.3}
\BOOKMARK [1][-]{section.3.8}{\376\377\0003\000.\0008\000\040\000K\000l\000i\000e\000n\000c\000i}{chapter.3}
\BOOKMARK [1][-]{section.3.9}{\376\377\0003\000.\0009\000\040\000O\000b\000s\001\102\000u\000g\000a\000\040\000k\000l\000i\000e\000n\000t\000a}{chapter.3}
\BOOKMARK [0][-]{chapter.4}{\376\377\0004\000\040\000W\000y\000m\000a\000g\000a\000n\000i\000a}{}
\BOOKMARK [1][-]{section.4.1}{\376\377\0004\000.\0001\000\040\000W\000y\000m\000a\000g\000a\000n\000i\000a\000\040\000f\000u\000n\000k\000c\000j\000o\000n\000a\000l\000n\000e}{chapter.4}
\BOOKMARK [2][-]{subsection.4.1.1}{\376\377\0004\000.\0001\000.\0001\000\040\000Z\000a\000r\000z\001\005\000d\000z\000a\000n\000i\000e\000\040\000i\000n\000c\000y\000d\000e\000n\000t\000a\000m\000i}{section.4.1}
\BOOKMARK [2][-]{subsection.4.1.2}{\376\377\0004\000.\0001\000.\0002\000\040\000Z\000a\000r\000z\001\005\000d\000z\000a\000n\000i\000e\000\040\000p\000r\000o\000b\000l\000e\000m\000a\000m\000i}{section.4.1}
\BOOKMARK [2][-]{subsection.4.1.3}{\376\377\0004\000.\0001\000.\0003\000\040\000Z\000a\000r\000z\001\005\000d\000z\000a\000n\000i\000e\000\040\000z\000d\000a\000r\000z\000e\000n\000i\000a\000m\000i}{section.4.1}
\BOOKMARK [2][-]{subsection.4.1.4}{\376\377\0004\000.\0001\000.\0004\000\040\000Z\000a\000r\000z\001\005\000d\000z\000a\000n\000i\000e\000\040\000z\000l\000e\000c\000e\000n\000i\000a\000m\000i}{section.4.1}
\BOOKMARK [1][-]{section.4.2}{\376\377\0004\000.\0002\000\040\000W\000y\000m\000a\000g\000a\000n\000i\000a\000\040\000n\000i\000e\000f\000u\000n\000k\000c\000j\000o\000n\000a\000l\000n\000e}{chapter.4}
\BOOKMARK [2][-]{subsection.4.2.1}{\376\377\0004\000.\0002\000.\0001\000\040\000N\000F\000.\000W\000O\000L\000\040\040\023\000\040\000W\000o\000l\000u\000m\000e\000t\000r\000i\000a}{section.4.2}
\BOOKMARK [2][-]{subsection.4.2.2}{\376\377\0004\000.\0002\000.\0002\000\040\000N\000F\000.\000S\000P\000R\000\040\040\023\000\040\000S\000p\000r\000a\000w\000n\000o\001\133\001\007\000\040\000i\000\040\000e\000f\000e\000k\000t\000y\000w\000n\000o\001\133\001\007}{section.4.2}
\BOOKMARK [2][-]{subsection.4.2.3}{\376\377\0004\000.\0002\000.\0003\000\040\000N\000F\000.\000S\000E\000C\000\040\040\023\000\040\000B\000e\000z\000p\000i\000e\000c\000z\000e\001\104\000s\000t\000w\000o\000\040\000\050\000s\000e\000c\000u\000r\000i\000t\000y\000\051}{section.4.2}
\BOOKMARK [2][-]{subsection.4.2.4}{\376\377\0004\000.\0002\000.\0004\000\040\000N\000F\000.\000S\000A\000F\000\040\040\023\000\040\000B\000e\000z\000p\000i\000e\000c\000z\000e\001\104\000s\000t\000w\000o\000\040\000\050\000s\000a\000f\000e\000t\000y\000\051}{section.4.2}
\BOOKMARK [2][-]{subsection.4.2.5}{\376\377\0004\000.\0002\000.\0005\000\040\000N\000F\000.\000N\000Z\000W\000\040\040\023\000\040\000N\000i\000e\000z\000a\000w\000o\000d\000n\000o\001\133\001\007\000\040\000i\000\040\000d\000o\000s\000t\001\031\000p\000n\000o\001\133\001\007}{section.4.2}
\BOOKMARK [2][-]{subsection.4.2.6}{\376\377\0004\000.\0002\000.\0006\000\040\000N\000F\000.\000E\000R\000G\000\040\040\023\000\040\000E\000r\000g\000o\000n\000o\000m\000i\000a}{section.4.2}
\BOOKMARK [2][-]{subsection.4.2.7}{\376\377\0004\000.\0002\000.\0007\000\040\000N\000F\000.\000S\000T\000A\000\040\040\023\000\040\000S\000t\000a\000n\000d\000a\000r\000d\000y\000\040\000u\001\174\000y\000w\000a\000n\000e\000\040\000p\000r\000z\000e\000z\000\040\000s\000y\000s\000t\000e\000m}{section.4.2}
\BOOKMARK [2][-]{subsection.4.2.8}{\376\377\0004\000.\0002\000.\0008\000\040\000N\000F\000.\000P\000R\000Z\000\040\040\023\000\040\000P\000r\000z\000e\000n\000o\001\133\000n\000o\001\133\001\007}{section.4.2}
\BOOKMARK [2][-]{subsection.4.2.9}{\376\377\0004\000.\0002\000.\0009\000\040\000K\000o\000n\000k\000l\000u\000z\000j\000a}{section.4.2}
\BOOKMARK [1][-]{section.4.3}{\376\377\0004\000.\0003\000\040\000E\000l\000e\000m\000e\000n\000t\000y\000\040\000r\000e\000a\000l\000i\000z\000u\000j\001\005\000c\000e\000\040\000w\000y\000m\000a\000g\000a\000n\000i\000a}{chapter.4}
\BOOKMARK [2][-]{subsection.4.3.1}{\376\377\0004\000.\0003\000.\0001\000\040\000Z\000a\000r\000z\001\005\000d\000z\000a\000n\000i\000e\000\040\000z\000d\000a\000r\000z\000e\000n\000i\000a\000m\000i}{section.4.3}
\BOOKMARK [2][-]{subsection.4.3.2}{\376\377\0004\000.\0003\000.\0002\000\040\000Z\000a\000r\000z\001\005\000d\000z\000a\000n\000i\000e\000\040\000i\000n\000c\000y\000d\000e\000n\000t\000a\000m\000i}{section.4.3}
\BOOKMARK [2][-]{subsection.4.3.3}{\376\377\0004\000.\0003\000.\0003\000\040\000Z\000a\000r\000z\001\005\000d\000z\000a\000n\000i\000e\000\040\000p\000r\000o\000b\000l\000e\000m\000a\000m\000i}{section.4.3}
\BOOKMARK [2][-]{subsection.4.3.4}{\376\377\0004\000.\0003\000.\0004\000\040\000Z\000a\000r\000z\001\005\000d\000z\000a\000n\000i\000e\000\040\000z\000l\000e\000c\000e\000n\000i\000a\000m\000i}{section.4.3}
\BOOKMARK [2][-]{subsection.4.3.5}{\376\377\0004\000.\0003\000.\0005\000\040\000A\000d\000m\000i\000n\000i\000s\000t\000r\000a\000c\000j\000a}{section.4.3}
\BOOKMARK [2][-]{subsection.4.3.6}{\376\377\0004\000.\0003\000.\0006\000\040\000Z\000a\000r\000z\001\005\000d\000z\000a\000n\000i\000e\000\040\000p\000r\000a\000c\000o\000w\000n\000i\000k\000a\000m\000i}{section.4.3}
\BOOKMARK [2][-]{subsection.4.3.7}{\376\377\0004\000.\0003\000.\0007\000\040\000Z\000a\000r\000z\001\005\000d\000z\000a\000n\000i\000e\000\040\000s\000y\000g\000n\000a\001\102\000a\000m\000i}{section.4.3}
\BOOKMARK [0][-]{chapter.5}{\376\377\0005\000\040\000P\000r\000o\000j\000e\000k\000t}{}
\BOOKMARK [1][-]{section.5.1}{\376\377\0005\000.\0001\000\040\000B\000a\000z\000a\000\040\000d\000a\000n\000y\000c\000h}{chapter.5}
\BOOKMARK [2][-]{subsection.5.1.1}{\376\377\0005\000.\0001\000.\0001\000\040\000Z\000a\000r\000z\001\005\000d\000z\000a\000n\000i\000e\000\040\000i\000n\000c\000y\000d\000e\000n\000t\000a\000m\000i}{section.5.1}
\BOOKMARK [2][-]{subsection.5.1.2}{\376\377\0005\000.\0001\000.\0002\000\040\000Z\000a\000r\000z\001\005\000d\000z\000a\000n\000i\000e\000\040\000p\000r\000o\000b\000l\000e\000m\000a\000m\000i}{section.5.1}
\BOOKMARK [2][-]{subsection.5.1.3}{\376\377\0005\000.\0001\000.\0003\000\040\000Z\000a\000r\000z\001\005\000d\000z\000a\000n\000i\000e\000\040\000z\000d\000a\000r\000z\000e\000n\000i\000a\000m\000i}{section.5.1}
\BOOKMARK [2][-]{subsection.5.1.4}{\376\377\0005\000.\0001\000.\0004\000\040\000Z\000a\000r\000z\001\005\000d\000z\000a\000n\000i\000e\000\040\000z\000l\000e\000c\000e\000n\000i\000a\000m\000i}{section.5.1}
\BOOKMARK [2][-]{subsection.5.1.5}{\376\377\0005\000.\0001\000.\0005\000\040\000Z\000a\000r\000z\001\005\000d\000z\000a\000n\000i\000e\000\040\000s\000y\000g\000n\000a\001\102\000a\000m\000i}{section.5.1}
\BOOKMARK [2][-]{subsection.5.1.6}{\376\377\0005\000.\0001\000.\0006\000\040\000Z\000a\000r\000z\001\005\000d\000z\000a\000n\000i\000e\000\040\000p\000r\000a\000c\000o\000w\000n\000i\000k\000a\000m\000i}{section.5.1}
\BOOKMARK [2][-]{subsection.5.1.7}{\376\377\0005\000.\0001\000.\0007\000\040\000Z\000a\000r\000z\001\005\000d\000z\000a\000n\000i\000e\000\040\000k\000a\000t\000a\000l\000o\000g\000i\000e\000m\000\040\000u\000s\001\102\000u\000g}{section.5.1}
\BOOKMARK [2][-]{subsection.5.1.8}{\376\377\0005\000.\0001\000.\0008\000\040\000Z\000a\000r\000z\001\005\000d\000z\000a\000n\000i\000e\000\040\000p\000o\000z\000i\000o\000m\000e\000m\000\040\000u\000s\001\102\000u\000g}{section.5.1}
\BOOKMARK [1][-]{section.5.2}{\376\377\0005\000.\0002\000\040\000A\000p\000l\000i\000k\000a\000c\000j\000a}{chapter.5}
\BOOKMARK [2][-]{subsection.5.2.1}{\376\377\0005\000.\0002\000.\0001\000\040\000W\000a\000r\000s\000t\000w\000y\000\040\000a\000p\000l\000i\000k\000a\000c\000j\000i}{section.5.2}
\BOOKMARK [2][-]{subsection.5.2.2}{\376\377\0005\000.\0002\000.\0002\000\040\000P\000r\000z\000y\000k\001\102\000a\000d\000o\000w\000y\000\040\000d\000i\000a\000g\000r\000a\000m\000\040\000s\000e\000k\000w\000e\000n\000c\000j\000i}{section.5.2}
\BOOKMARK [2][-]{subsection.5.2.3}{\376\377\0005\000.\0002\000.\0003\000\040\000A\000s\000p\000e\000k\000t\000y\000\040\000a\000p\000l\000i\000k\000a\000c\000j\000i}{section.5.2}
\BOOKMARK [1][-]{section.5.3}{\376\377\0005\000.\0003\000\040\000S\000y\000g\000n\000a\001\102\000y}{chapter.5}
\BOOKMARK [2][-]{subsection.5.3.1}{\376\377\0005\000.\0003\000.\0001\000\040\000T\000y\000p\000y\000\040\000s\000y\000g\000n\000a\001\102\000\363\000w}{section.5.3}
\BOOKMARK [2][-]{subsection.5.3.2}{\376\377\0005\000.\0003\000.\0002\000\040\000R\000o\000d\000z\000a\000j\000\040\000o\000d\000b\000i\000o\000r\000c\000y}{section.5.3}
\BOOKMARK [2][-]{subsection.5.3.3}{\376\377\0005\000.\0003\000.\0003\000\040\000G\000e\000n\000e\000r\000a\000c\000j\000a\000\040\000s\000y\000g\000n\000a\001\102\000\363\000w\000\040\000p\000r\000z\000y\000\040\000z\000m\000i\000a\000n\000i\000e\000\040\000s\000t\000a\000n\000u}{section.5.3}
\BOOKMARK [2][-]{subsection.5.3.4}{\376\377\0005\000.\0003\000.\0004\000\040\000G\000e\000n\000e\000r\000a\000c\000j\000a\000\040\000s\000y\000g\000n\000a\001\102\000\363\000w\000\040\000p\000o\000\040\000u\000p\001\102\000y\000w\000i\000e\000\040\000c\000z\000a\000s\000u}{section.5.3}
\BOOKMARK [2][-]{subsection.5.3.5}{\376\377\0005\000.\0003\000.\0005\000\040\000K\000o\000n\000s\000t\000r\000u\000k\000c\000j\000a\000\040\000z\000a\000p\000y\000t\000a\000n\000i\000a\000\040\000d\000l\000a\000\040\000g\000e\000n\000e\000r\000a\000t\000o\000r\000a}{section.5.3}
\BOOKMARK [2][-]{subsection.5.3.6}{\376\377\0005\000.\0003\000.\0006\000\040\000W\000y\000s\000y\001\102\000a\000n\000i\000e\000\040\000w\000i\000a\000d\000o\000m\000o\001\133\000c\000i\000\040\000e\000-\000m\000a\000i\000l}{section.5.3}
\BOOKMARK [0][-]{chapter.6}{\376\377\0006\000\040\000I\000m\000p\000l\000e\000m\000e\000n\000t\000a\000c\000j\000a}{}
\BOOKMARK [1][-]{section.6.1}{\376\377\0006\000.\0001\000\040\000T\000e\000c\000h\000n\000o\000l\000o\000g\000i\000e}{chapter.6}
\BOOKMARK [1][-]{section.6.2}{\376\377\0006\000.\0002\000\040\000W\000y\000k\000o\000r\000z\000y\000s\000t\000a\000n\000e\000\040\000n\000a\000r\000z\001\031\000d\000z\000i\000a}{chapter.6}
\BOOKMARK [1][-]{section.6.3}{\376\377\0006\000.\0003\000\040\000P\000a\000k\000i\000e\000t\000y\000\040\000a\000p\000l\000i\000k\000a\000c\000j\000i}{chapter.6}
\BOOKMARK [2][-]{subsection.6.3.1}{\376\377\0006\000.\0003\000.\0001\000\040\000s\000d\000.\000i\000m}{section.6.3}
\BOOKMARK [2][-]{subsection.6.3.2}{\376\377\0006\000.\0003\000.\0002\000\040\000s\000d\000.\000p\000m}{section.6.3}
\BOOKMARK [2][-]{subsection.6.3.3}{\376\377\0006\000.\0003\000.\0003\000\040\000s\000d\000.\000e\000m}{section.6.3}
\BOOKMARK [2][-]{subsection.6.3.4}{\376\377\0006\000.\0003\000.\0004\000\040\000s\000d\000.\000r\000f}{section.6.3}
\BOOKMARK [2][-]{subsection.6.3.5}{\376\377\0006\000.\0003\000.\0005\000\040\000s\000d\000.\000s\000i\000g\000n\000a\000l}{section.6.3}
\BOOKMARK [0][-]{chapter.7}{\376\377\0007\000\040\000W\000s\000p\000a\000r\000c\000i\000e\000\040\000s\000y\000s\000t\000e\000m\000u\000\040\000d\000l\000a\000\040\000f\000i\000r\000m\000y\000\040\000R\000e\000d\000\040\000H\000o\000s\000t\000\040\000S\000.\000A\000.}{}
\BOOKMARK [1][-]{section.7.1}{\376\377\0007\000.\0001\000\040\000S\000c\000e\000n\000a\000r\000i\000u\000s\000z\000\040\000u\001\174\000y\000c\000i\000a\000\040\000n\000a\000\040\000p\000o\000z\000i\000o\000m\000i\000e\000\040\000b\000i\000z\000n\000e\000s\000o\000w\000y\000m}{chapter.7}
\BOOKMARK [1][-]{section.7.2}{\376\377\0007\000.\0002\000\040\000S\000c\000e\000n\000a\000r\000i\000u\000s\000z\000\040\000u\001\174\000y\000c\000i\000a\000\040\000n\000a\000\040\000p\000o\000z\000i\000o\000m\000i\000e\000\040\000s\000y\000s\000t\000e\000m\000o\000w\000y\000m}{chapter.7}
\BOOKMARK [2][-]{subsection.7.2.1}{\376\377\0007\000.\0002\000.\0001\000\040\000Z\000g\001\102\000o\000s\000z\000e\000n\000i\000e\000\040\000i\000n\000c\000y\000d\000e\000n\000t\000u}{section.7.2}
\BOOKMARK [2][-]{subsection.7.2.2}{\376\377\0007\000.\0002\000.\0002\000\040\000P\000r\000z\000y\000p\000i\000s\000a\000n\000i\000e\000\040\000i\000n\000c\000y\000d\000e\000n\000t\000u}{section.7.2}
\BOOKMARK [2][-]{subsection.7.2.3}{\376\377\0007\000.\0002\000.\0003\000\040\000K\000a\000r\000t\000a\000\040\000i\000n\000c\000y\000d\000e\000n\000t\000u}{section.7.2}
\BOOKMARK [2][-]{subsection.7.2.4}{\376\377\0007\000.\0002\000.\0004\000\040\000E\000s\000k\000a\000l\000a\000c\000j\000a}{section.7.2}
\BOOKMARK [2][-]{subsection.7.2.5}{\376\377\0007\000.\0002\000.\0005\000\040\000P\000o\000w\000i\000a\000d\000o\000m\000i\000e\000n\000i\000e\000\040\000p\000r\000a\000c\000o\000w\000n\000i\000k\000a\000\040\000d\000r\000u\000g\000i\000e\000j\000\040\000l\000i\000n\000i\000i}{section.7.2}
\BOOKMARK [2][-]{subsection.7.2.6}{\376\377\0007\000.\0002\000.\0006\000\040\000H\000i\000s\000t\000o\000r\000i\000a\000\040\000i\000n\000c\000y\000d\000e\000n\000t\000u}{section.7.2}
\BOOKMARK [2][-]{subsection.7.2.7}{\376\377\0007\000.\0002\000.\0007\000\040\000D\000o\000d\000a\000n\000i\000e\000\040\000p\000r\000o\000b\000l\000e\000m\000u}{section.7.2}
\BOOKMARK [2][-]{subsection.7.2.8}{\376\377\0007\000.\0002\000.\0008\000\040\000K\000a\000r\000t\000a\000\040\000p\000r\000o\000b\000l\000e\000m\000u}{section.7.2}
\BOOKMARK [2][-]{subsection.7.2.9}{\376\377\0007\000.\0002\000.\0009\000\040\000A\000n\000a\000l\000i\000z\000a\000\040\000p\000r\000o\000b\000l\000e\000m\000u}{section.7.2}
\BOOKMARK [2][-]{subsection.7.2.10}{\376\377\0007\000.\0002\000.\0001\0000\000\040\000R\000o\000z\000w\000i\001\005\000z\000a\000n\000i\000e\000\040\000t\000y\000m\000c\000z\000a\000s\000o\000w\000e}{section.7.2}
\BOOKMARK [2][-]{subsection.7.2.11}{\376\377\0007\000.\0002\000.\0001\0001\000\040\000R\000o\000z\000w\000i\001\005\000z\000a\000n\000i\000e\000\040\000i\000n\000c\000y\000d\000e\000n\000t\000u}{section.7.2}
\BOOKMARK [2][-]{subsection.7.2.12}{\376\377\0007\000.\0002\000.\0001\0002\000\040\000Z\000a\000m\000k\000n\000i\001\031\000c\000i\000e\000\040\000i\000n\000c\000y\000d\000e\000n\000t\000u}{section.7.2}
\BOOKMARK [1][-]{section.7.3}{\376\377\0007\000.\0003\000\040\000P\000o\000d\000s\000u\000m\000o\000w\000a\000n\000i\000e}{chapter.7}
\BOOKMARK [0][-]{chapter.8}{\376\377\0008\000\040\000T\000e\000s\000t\000y\000\040\000i\000\040\000o\000c\000e\000n\000a}{}
\BOOKMARK [1][-]{section.8.1}{\376\377\0008\000.\0001\000\040\001\132\000r\000o\000d\000o\000w\000i\000s\000k\000a\000\040\000t\000e\000s\000t\000o\000w\000e}{chapter.8}
\BOOKMARK [1][-]{section.8.2}{\376\377\0008\000.\0002\000\040\000T\000e\000s\000t\000y\000\040\000j\000e\000d\000n\000o\000s\000t\000k\000o\000w\000e}{chapter.8}
\BOOKMARK [1][-]{section.8.3}{\376\377\0008\000.\0003\000\040\000P\000r\000z\000y\000k\001\102\000a\000d\000o\000w\000e\000\040\000t\000e\000s\000t\000y\000\040\000f\000u\000n\000k\000c\000j\000o\000n\000a\000l\000n\000e}{chapter.8}
\BOOKMARK [2][-]{subsection.8.3.1}{\376\377\0008\000.\0003\000.\0001\000\040\000C\000y\000k\000l\000\040\001\174\000y\000c\000i\000a\000\040\000i\000n\000c\000y\000d\000e\000n\000t\000u}{section.8.3}
\BOOKMARK [2][-]{subsection.8.3.2}{\376\377\0008\000.\0003\000.\0002\000\040\000O\000c\000e\000n\000a\000\040\000t\000e\000s\000t\000\363\000w\000\040\000f\000u\000n\000k\000c\000j\000o\000n\000a\000l\000n\000y\000c\000h}{section.8.3}
\BOOKMARK [1][-]{section.8.4}{\376\377\0008\000.\0004\000\040\000T\000e\000s\000t\000y\000\040\000w\000y\000d\000a\000j\000n\000o\001\133\000c\000i\000o\000w\000e}{chapter.8}
\BOOKMARK [2][-]{subsection.8.4.1}{\376\377\0008\000.\0004\000.\0001\000\040\000M\000e\000t\000o\000d\000a\000\040\000m\000i\000e\000r\000z\000e\000n\000i\000a\000\040\000c\000z\000a\000s\000u}{section.8.4}
\BOOKMARK [2][-]{subsection.8.4.2}{\376\377\0008\000.\0004\000.\0002\000\040\000T\000e\000s\000t\000y\000\040\000w\000y\000d\000a\000j\000n\000o\001\133\000c\000i\000o\000w\000e}{section.8.4}
\BOOKMARK [0][-]{chapter.9}{\376\377\0009\000\040\000P\000o\000d\000s\000u\000m\000o\000w\000a\000n\000i\000e}{}
\BOOKMARK [0][-]{section*.251}{\376\377\000B\000i\000b\000l\000i\000o\000g\000r\000a\000f\000i\000a}{}
\BOOKMARK [0][-]{appendix.A}{\376\377\000A\000\040\000Z\000a\000w\000a\000r\000t\000o\001\133\001\007\000\040\000p\001\102\000y\000t\000y\000\040\000C\000D}{}
\BOOKMARK [0][-]{appendix.B}{\376\377\000B\000\040\000I\000n\000s\000t\000a\000l\000a\000c\000j\000a}{}
\BOOKMARK [1][-]{section.B.1}{\376\377\000B\000.\0001\000\040\000P\000l\000i\000k\000i\000\040\000k\000o\000n\000f\000i\000g\000u\000r\000a\000c\000y\000j\000n\000e}{appendix.B}
\BOOKMARK [2][-]{subsection.B.1.1}{\376\377\000B\000.\0001\000.\0001\000\040\000j\000d\000b\000c\000.\000p\000r\000o\000p\000e\000r\000t\000i\000e\000s}{section.B.1}
\BOOKMARK [2][-]{subsection.B.1.2}{\376\377\000B\000.\0001\000.\0002\000\040\000m\000e\000s\000s\000a\000g\000e\000s\000.\000p\000r\000o\000p\000e\000r\000t\000i\000e\000s}{section.B.1}
\BOOKMARK [1][-]{section.B.2}{\376\377\000B\000.\0002\000\040\000S\000k\000r\000y\000p\000t\000y\000\040\000S\000Q\000L}{appendix.B}
\BOOKMARK [2][-]{subsection.B.2.1}{\376\377\000B\000.\0002\000.\0001\000\040\000d\000d\000l\000.\000s\000q\000l}{section.B.2}
\BOOKMARK [2][-]{subsection.B.2.2}{\376\377\000B\000.\0002\000.\0002\000\040\000i\000n\000s\000e\000r\000t\000s\000.\000s\000q\000l}{section.B.2}
\BOOKMARK [1][-]{section.B.3}{\376\377\000B\000.\0003\000\040\000Z\000a\000i\000n\000s\000t\000a\000l\000o\000w\000a\000n\000i\000e\000\040\000a\000p\000l\000i\000k\000a\000c\000j\000i}{appendix.B}
\BOOKMARK [2][-]{subsection.B.3.1}{\376\377\000B\000.\0003\000.\0001\000\040\000Z\000a\000i\000n\000s\000t\000a\000l\000o\000w\000a\000n\000i\000e\000\040\000a\000p\000l\000i\000k\000a\000c\000j\000i\000\040\000n\000a\000\040\000s\000e\000r\000w\000e\000r\000z\000e\000\040\000T\000o\000m\000c\000a\000t\000\040\000p\000r\000z\000y\000\040\000p\000o\000m\000o\000c\000y\000\040\000T\000o\000m\000c\000a\000t\000\040\000M\000a\000n\000a\000g\000e\000r}{section.B.3}
\BOOKMARK [0][-]{appendix*.252}{\376\377\000S\000p\000i\000s\000\040\000s\000y\000m\000b\000o\000l\000i\000\040\000i\000\040\000s\000k\000r\000\363\000t\000\363\000w}{}
\BOOKMARK [0][-]{section*.253}{\376\377\000S\000p\000i\000s\000\040\000r\000y\000s\000u\000n\000k\000\363\000w}{}
\BOOKMARK [0][-]{section*.254}{\376\377\000S\000p\000i\000s\000\040\000t\000a\000b\000e\000l}{}
