This is pdfTeX, Version 3.1415926-1.40.10 (MiKTeX 2.8) (preloaded format=pdflatex 2010.5.9)  18 MAY 2010 22:10
entering extended mode
**opis_itil.tex
(C:\pw\INZ\inz-sd\tresc\opis_itil\opis_itil.tex
LaTeX2e <2005/12/01>
Babel <v3.8l> and hyphenation patterns for english, dumylang, nohyphenation, ge
rman, ngerman, german-x-2009-06-19, ngerman-x-2009-06-19, french, polish, loade
d.
! Undefined control sequence.
l.9 \chapter
            {ITIL}
? 
! Emergency stop.
l.9 \chapter
            {ITIL}
End of file on the terminal!

 
Here is how much of TeX's memory you used:
 7 strings out of 495238
 196 string characters out of 3178953
 45061 words of memory out of 3000000
 3324 multiletter control sequences out of 15000+200000
 3640 words of font info for 14 fonts, out of 3000000 for 9000
 34 hyphenation exceptions out of 8191
 5i,0n,1p,84b,8s stack positions out of 5000i,500n,10000p,200000b,50000s
!  ==> Fatal error occurred, no output PDF file produced!
